[1112/190439:INFO:(0)] WebCore is now online.
[1112/190439:INFO:(0)] Running Awesomium 1.7.3
[1112/190449:ERROR:ipc_channel_win.cc(360)] pipe error: 232
[1112/202504:INFO:(0)] WebCore is now online.
[1112/202504:INFO:(0)] Running Awesomium 1.7.3
[1112/215732:INFO:(0)] WebCore is now online.
[1112/215732:INFO:(0)] Running Awesomium 1.7.3
[1112/220010:INFO:(0)] WebCore is now online.
[1112/220010:INFO:(0)] Running Awesomium 1.7.3
[1112/220022:INFO:(0)] WebCore is now online.
[1112/220022:INFO:(0)] Running Awesomium 1.7.3
[1112/220046:INFO:(0)] WebCore is now online.
[1112/220046:INFO:(0)] Running Awesomium 1.7.3
[1112/220115:INFO:(0)] WebCore is now online.
[1112/220115:INFO:(0)] Running Awesomium 1.7.3
[1112/220207:INFO:(0)] WebCore is now online.
[1112/220207:INFO:(0)] Running Awesomium 1.7.3
[1113/085109:INFO:(0)] WebCore is now online.
[1113/085109:INFO:(0)] Running Awesomium 1.7.3
[1113/085118:ERROR:ipc_channel_win.cc(360)] pipe error: 232
[1113/085212:INFO:(0)] WebCore is now online.
[1113/085212:INFO:(0)] Running Awesomium 1.7.3
[1113/085444:INFO:(0)] WebCore is now online.
[1113/085444:INFO:(0)] Running Awesomium 1.7.3
[1113/085456:INFO:(0)] WebCore is now online.
[1113/085456:INFO:(0)] Running Awesomium 1.7.3
[1113/085515:INFO:(0)] WebCore is now online.
[1113/085515:INFO:(0)] Running Awesomium 1.7.3
[1113/085531:INFO:(0)] WebCore is now online.
[1113/085531:INFO:(0)] Running Awesomium 1.7.3
[1116/004305:INFO:(0)] WebCore is now online.
[1116/004305:INFO:(0)] Running Awesomium 1.7.3
[1116/004444:INFO:(0)] WebCore is now online.
[1116/004444:INFO:(0)] Running Awesomium 1.7.3
[1112/210254:INFO:(0)] WebCore is now online.
[1112/210254:INFO:(0)] Running Awesomium 1.7.5.1
[1112/210420:ERROR:ipc_channel_win.cc(261)] pipe error: 109
[1112/210420:WARNING:Awesomium.NET(0)] System.ComponentModel.InvalidAsynchronousStateException: Une erreur s'est produite lors de l'appel de la méthode. Le thread de destination n'existe plus.
   à System.Windows.Forms.WindowsFormsSynchronizationContext.Send(SendOrPostCallback d, Object state)
   à Awesomium.Core.WebCore.wvjjlbeQdqUVO5E6FXD(Object , Object , Object )
   à Awesomium.Core.WebCore.ioXQMTP1sf()
[1112/221213:INFO:(0)] WebCore is now online.
[1112/221213:INFO:(0)] Running Awesomium 1.7.5.1
[1112/221316:WARNING:Awesomium.NET(0)] System.ComponentModel.InvalidAsynchronousStateException: Une erreur s'est produite lors de l'appel de la méthode. Le thread de destination n'existe plus.
   à System.Windows.Forms.WindowsFormsSynchronizationContext.Send(SendOrPostCallback d, Object state)
   à Awesomium.Core.WebCore.wvjjlbeQdqUVO5E6FXD(Object , Object , Object )
   à Awesomium.Core.WebCore.ioXQMTP1sf()
